2021-06-01 21:54:52.337 - [ INFO  ] [ com.lucky.kali.business.BusinessApplication : 55 ] - Starting BusinessApplication using Java 1.8.0_281 on ElliotsMacBook-Pro.local with PID 21002 (/Volumes/Application/Java/IDEA-WorkSpace/demo/SpringCloudFormework/lk-business/target/classes started by elliot in /Volumes/Application/Java/IDEA-WorkSpace/demo/SpringCloudFormework)
2021-06-01 21:54:52.343 - [ DEBUG ] [ com.lucky.kali.business.BusinessApplication : 56 ] - Running with Spring Boot v2.5.0, Spring v5.3.7
2021-06-01 21:54:52.343 - [ INFO  ] [ com.lucky.kali.business.BusinessApplication : 667 ] - The following profiles are active: local
2021-06-01 21:54:53.527 - [ WARN  ] [ org.mybatis.spring.mapper.ClassPathMapperScanner : 44 ] - No MyBatis mapper was found in '[com/lucky/kali/business/mapper]' package. Please check your configuration.
2021-06-01 21:54:54.212 - [ INFO  ] [ org.apache.coyote.http11.Http11NioProtocol : 173 ] - Initializing ProtocolHandler ["http-nio-7002"]
2021-06-01 21:54:54.214 - [ INFO  ] [ org.apache.catalina.core.StandardService : 173 ] - Starting service [Tomcat]
2021-06-01 21:54:54.214 - [ INFO  ] [ org.apache.catalina.core.StandardEngine : 173 ] - Starting Servlet engine: [Apache Tomcat/9.0.46]
2021-06-01 21:54:54.480 - [ INFO  ] [ o.a.c.core.ContainerBase.[Tomcat].[localhost].[/] : 173 ] - Initializing Spring embedded WebApplicationContext
2021-06-01 21:54:55.204 - [ INFO  ] [ c.a.d.s.b.a.DruidDataSourceAutoConfigure : 56 ] - Init DruidDataSource
2021-06-01 21:54:55.558 - [ INFO  ] [ com.alibaba.druid.pool.DruidDataSource : 990 ] - {dataSource-1} inited
2021-06-01 21:54:56.146 - [ INFO  ] [ org.apache.coyote.http11.Http11NioProtocol : 173 ] - Starting ProtocolHandler ["http-nio-7002"]
2021-06-01 21:54:56.196 - [ INFO  ] [ c.a.cloud.nacos.registry.NacosServiceRegistry : 75 ] - nacos registry, DEFAULT_GROUP lk-business 192.168.1.47:7002 register finished
2021-06-01 21:54:56.213 - [ INFO  ] [ com.lucky.kali.business.BusinessApplication : 61 ] - Started BusinessApplication in 5.141 seconds (JVM running for 11.255)
2021-06-01 21:54:59.911 - [ INFO  ] [ o.a.c.core.ContainerBase.[Tomcat].[localhost].[/] : 173 ] - Initializing Spring DispatcherServlet 'dispatcherServlet'
2021-06-01 22:52:17.449 - [ INFO  ] [ com.lucky.kali.business.BusinessApplication : 55 ] - Starting BusinessApplication using Java 1.8.0_281 on ElliotsMacBook-Pro.local with PID 49601 (/Volumes/Application/Java/IDEA-WorkSpace/demo/SpringCloudFormework/lk-business/target/classes started by elliot in /Volumes/Application/Java/IDEA-WorkSpace/demo/SpringCloudFormework)
2021-06-01 22:52:17.452 - [ DEBUG ] [ com.lucky.kali.business.BusinessApplication : 56 ] - Running with Spring Boot v2.5.0, Spring v5.3.7
2021-06-01 22:52:17.453 - [ INFO  ] [ com.lucky.kali.business.BusinessApplication : 667 ] - The following profiles are active: local
2021-06-01 22:52:18.349 - [ WARN  ] [ org.mybatis.spring.mapper.ClassPathMapperScanner : 44 ] - No MyBatis mapper was found in '[com/lucky/kali/business/mapper]' package. Please check your configuration.
2021-06-01 22:52:18.725 - [ INFO  ] [ org.apache.coyote.http11.Http11NioProtocol : 173 ] - Initializing ProtocolHandler ["http-nio-7002"]
2021-06-01 22:52:18.726 - [ INFO  ] [ org.apache.catalina.core.StandardService : 173 ] - Starting service [Tomcat]
2021-06-01 22:52:18.727 - [ INFO  ] [ org.apache.catalina.core.StandardEngine : 173 ] - Starting Servlet engine: [Apache Tomcat/9.0.46]
2021-06-01 22:52:18.808 - [ INFO  ] [ o.a.c.core.ContainerBase.[Tomcat].[localhost].[/] : 173 ] - Initializing Spring embedded WebApplicationContext
2021-06-01 22:52:19.274 - [ INFO  ] [ c.a.d.s.b.a.DruidDataSourceAutoConfigure : 56 ] - Init DruidDataSource
2021-06-01 22:52:19.659 - [ INFO  ] [ com.alibaba.druid.pool.DruidDataSource : 990 ] - {dataSource-1} inited
2021-06-01 22:52:20.009 - [ INFO  ] [ org.apache.coyote.http11.Http11NioProtocol : 173 ] - Starting ProtocolHandler ["http-nio-7002"]
2021-06-01 22:52:20.055 - [ INFO  ] [ c.a.cloud.nacos.registry.NacosServiceRegistry : 75 ] - nacos registry, DEFAULT_GROUP lk-business 192.168.1.47:7002 register finished
2021-06-01 22:52:20.073 - [ INFO  ] [ com.lucky.kali.business.BusinessApplication : 61 ] - Started BusinessApplication in 3.19 seconds (JVM running for 3.949)
2021-06-01 22:52:28.826 - [ INFO  ] [ o.a.c.core.ContainerBase.[Tomcat].[localhost].[/] : 173 ] - Initializing Spring DispatcherServlet 'dispatcherServlet'
2021-06-01 22:57:31.265 - [ INFO  ] [ com.lucky.kali.business.BusinessApplication : 55 ] - Starting BusinessApplication using Java 1.8.0_281 on ElliotsMacBook-Pro.local with PID 52212 (/Volumes/Application/Java/IDEA-WorkSpace/demo/SpringCloudFormework/lk-business/target/classes started by elliot in /Volumes/Application/Java/IDEA-WorkSpace/demo/SpringCloudFormework)
2021-06-01 22:57:31.268 - [ DEBUG ] [ com.lucky.kali.business.BusinessApplication : 56 ] - Running with Spring Boot v2.5.0, Spring v5.3.7
2021-06-01 22:57:31.268 - [ INFO  ] [ com.lucky.kali.business.BusinessApplication : 667 ] - The following profiles are active: local
2021-06-01 22:57:31.960 - [ WARN  ] [ org.mybatis.spring.mapper.ClassPathMapperScanner : 44 ] - No MyBatis mapper was found in '[com/lucky/kali/business/mapper]' package. Please check your configuration.
2021-06-01 22:57:32.280 - [ INFO  ] [ org.apache.coyote.http11.Http11NioProtocol : 173 ] - Initializing ProtocolHandler ["http-nio-7002"]
2021-06-01 22:57:32.281 - [ INFO  ] [ org.apache.catalina.core.StandardService : 173 ] - Starting service [Tomcat]
2021-06-01 22:57:32.281 - [ INFO  ] [ org.apache.catalina.core.StandardEngine : 173 ] - Starting Servlet engine: [Apache Tomcat/9.0.46]
2021-06-01 22:57:32.371 - [ INFO  ] [ o.a.c.core.ContainerBase.[Tomcat].[localhost].[/] : 173 ] - Initializing Spring embedded WebApplicationContext
2021-06-01 22:57:32.719 - [ INFO  ] [ c.a.d.s.b.a.DruidDataSourceAutoConfigure : 56 ] - Init DruidDataSource
2021-06-01 22:57:32.971 - [ INFO  ] [ com.alibaba.druid.pool.DruidDataSource : 990 ] - {dataSource-1} inited
2021-06-01 22:57:33.294 - [ INFO  ] [ org.apache.coyote.http11.Http11NioProtocol : 173 ] - Starting ProtocolHandler ["http-nio-7002"]
2021-06-01 22:57:33.331 - [ INFO  ] [ c.a.cloud.nacos.registry.NacosServiceRegistry : 75 ] - nacos registry, DEFAULT_GROUP lk-business 192.168.1.47:7002 register finished
2021-06-01 22:57:33.344 - [ INFO  ] [ com.lucky.kali.business.BusinessApplication : 61 ] - Started BusinessApplication in 2.631 seconds (JVM running for 3.412)
2021-06-01 22:58:01.082 - [ INFO  ] [ o.a.c.core.ContainerBase.[Tomcat].[localhost].[/] : 173 ] - Initializing Spring DispatcherServlet 'dispatcherServlet'
2021-06-01 23:04:49.269 - [ INFO  ] [ com.lucky.kali.business.BusinessApplication : 55 ] - Starting BusinessApplication using Java 1.8.0_281 on ElliotsMacBook-Pro.local with PID 55885 (/Volumes/Application/Java/IDEA-WorkSpace/demo/SpringCloudFormework/lk-business/target/classes started by elliot in /Volumes/Application/Java/IDEA-WorkSpace/demo/SpringCloudFormework)
2021-06-01 23:04:49.272 - [ DEBUG ] [ com.lucky.kali.business.BusinessApplication : 56 ] - Running with Spring Boot v2.5.0, Spring v5.3.7
2021-06-01 23:04:49.272 - [ INFO  ] [ com.lucky.kali.business.BusinessApplication : 667 ] - The following profiles are active: local
2021-06-01 23:04:50.452 - [ WARN  ] [ org.mybatis.spring.mapper.ClassPathMapperScanner : 44 ] - No MyBatis mapper was found in '[com/lucky/kali/business/mapper]' package. Please check your configuration.
2021-06-01 23:04:50.949 - [ INFO  ] [ org.apache.coyote.http11.Http11NioProtocol : 173 ] - Initializing ProtocolHandler ["http-nio-7002"]
2021-06-01 23:04:50.950 - [ INFO  ] [ org.apache.catalina.core.StandardService : 173 ] - Starting service [Tomcat]
2021-06-01 23:04:50.951 - [ INFO  ] [ org.apache.catalina.core.StandardEngine : 173 ] - Starting Servlet engine: [Apache Tomcat/9.0.46]
2021-06-01 23:04:51.071 - [ INFO  ] [ o.a.c.core.ContainerBase.[Tomcat].[localhost].[/] : 173 ] - Initializing Spring embedded WebApplicationContext
2021-06-01 23:04:51.522 - [ INFO  ] [ c.a.d.s.b.a.DruidDataSourceAutoConfigure : 56 ] - Init DruidDataSource
2021-06-01 23:04:51.967 - [ INFO  ] [ com.alibaba.druid.pool.DruidDataSource : 990 ] - {dataSource-1} inited
2021-06-01 23:04:52.394 - [ INFO  ] [ org.apache.coyote.http11.Http11NioProtocol : 173 ] - Starting ProtocolHandler ["http-nio-7002"]
2021-06-01 23:04:52.442 - [ INFO  ] [ c.a.cloud.nacos.registry.NacosServiceRegistry : 75 ] - nacos registry, DEFAULT_GROUP lk-business 192.168.1.47:7002 register finished
2021-06-01 23:04:52.456 - [ INFO  ] [ com.lucky.kali.business.BusinessApplication : 61 ] - Started BusinessApplication in 3.909 seconds (JVM running for 5.058)
2021-06-01 23:06:25.227 - [ INFO  ] [ o.a.c.core.ContainerBase.[Tomcat].[localhost].[/] : 173 ] - Initializing Spring DispatcherServlet 'dispatcherServlet'
2021-06-01 23:06:49.757 - [ INFO  ] [ com.lucky.kali.business.BusinessApplication : 55 ] - Starting BusinessApplication using Java 1.8.0_281 on ElliotsMacBook-Pro.local with PID 56913 (/Volumes/Application/Java/IDEA-WorkSpace/demo/SpringCloudFormework/lk-business/target/classes started by elliot in /Volumes/Application/Java/IDEA-WorkSpace/demo/SpringCloudFormework)
2021-06-01 23:06:49.759 - [ DEBUG ] [ com.lucky.kali.business.BusinessApplication : 56 ] - Running with Spring Boot v2.5.0, Spring v5.3.7
2021-06-01 23:06:49.760 - [ INFO  ] [ com.lucky.kali.business.BusinessApplication : 667 ] - The following profiles are active: local
2021-06-01 23:06:50.544 - [ WARN  ] [ org.mybatis.spring.mapper.ClassPathMapperScanner : 44 ] - No MyBatis mapper was found in '[com/lucky/kali/business/mapper]' package. Please check your configuration.
2021-06-01 23:06:50.946 - [ INFO  ] [ org.apache.coyote.http11.Http11NioProtocol : 173 ] - Initializing ProtocolHandler ["http-nio-7002"]
2021-06-01 23:06:50.947 - [ INFO  ] [ org.apache.catalina.core.StandardService : 173 ] - Starting service [Tomcat]
2021-06-01 23:06:50.947 - [ INFO  ] [ org.apache.catalina.core.StandardEngine : 173 ] - Starting Servlet engine: [Apache Tomcat/9.0.46]
2021-06-01 23:06:51.040 - [ INFO  ] [ o.a.c.core.ContainerBase.[Tomcat].[localhost].[/] : 173 ] - Initializing Spring embedded WebApplicationContext
2021-06-01 23:06:51.464 - [ INFO  ] [ c.a.d.s.b.a.DruidDataSourceAutoConfigure : 56 ] - Init DruidDataSource
2021-06-01 23:06:51.821 - [ INFO  ] [ com.alibaba.druid.pool.DruidDataSource : 990 ] - {dataSource-1} inited
2021-06-01 23:06:52.496 - [ INFO  ] [ org.apache.coyote.http11.Http11NioProtocol : 173 ] - Starting ProtocolHandler ["http-nio-7002"]
2021-06-01 23:06:52.534 - [ INFO  ] [ c.a.cloud.nacos.registry.NacosServiceRegistry : 75 ] - nacos registry, DEFAULT_GROUP lk-business 192.168.1.47:7002 register finished
2021-06-01 23:06:52.546 - [ INFO  ] [ com.lucky.kali.business.BusinessApplication : 61 ] - Started BusinessApplication in 3.343 seconds (JVM running for 4.362)
2021-06-01 23:17:37.023 - [ INFO  ] [ com.lucky.kali.business.BusinessApplication : 55 ] - Starting BusinessApplication using Java 1.8.0_281 on ElliotsMacBook-Pro.local with PID 62370 (/Volumes/Application/Java/IDEA-WorkSpace/demo/SpringCloudFormework/lk-business/target/classes started by elliot in /Volumes/Application/Java/IDEA-WorkSpace/demo/SpringCloudFormework)
2021-06-01 23:17:37.027 - [ DEBUG ] [ com.lucky.kali.business.BusinessApplication : 56 ] - Running with Spring Boot v2.5.0, Spring v5.3.7
2021-06-01 23:17:37.027 - [ INFO  ] [ com.lucky.kali.business.BusinessApplication : 667 ] - The following profiles are active: local
2021-06-01 23:17:38.071 - [ WARN  ] [ org.mybatis.spring.mapper.ClassPathMapperScanner : 44 ] - No MyBatis mapper was found in '[com/lucky/kali/business/mapper]' package. Please check your configuration.
2021-06-01 23:17:38.483 - [ INFO  ] [ org.apache.coyote.http11.Http11NioProtocol : 173 ] - Initializing ProtocolHandler ["http-nio-7002"]
2021-06-01 23:17:38.484 - [ INFO  ] [ org.apache.catalina.core.StandardService : 173 ] - Starting service [Tomcat]
2021-06-01 23:17:38.485 - [ INFO  ] [ org.apache.catalina.core.StandardEngine : 173 ] - Starting Servlet engine: [Apache Tomcat/9.0.46]
2021-06-01 23:17:38.620 - [ INFO  ] [ o.a.c.core.ContainerBase.[Tomcat].[localhost].[/] : 173 ] - Initializing Spring embedded WebApplicationContext
2021-06-01 23:17:39.118 - [ INFO  ] [ c.a.d.s.b.a.DruidDataSourceAutoConfigure : 56 ] - Init DruidDataSource
2021-06-01 23:17:39.458 - [ INFO  ] [ com.alibaba.druid.pool.DruidDataSource : 990 ] - {dataSource-1} inited
2021-06-01 23:17:39.916 - [ INFO  ] [ org.apache.coyote.http11.Http11NioProtocol : 173 ] - Starting ProtocolHandler ["http-nio-7002"]
2021-06-01 23:17:39.982 - [ INFO  ] [ c.a.cloud.nacos.registry.NacosServiceRegistry : 75 ] - nacos registry, DEFAULT_GROUP lk-business 192.168.1.47:7002 register finished
2021-06-01 23:17:40.006 - [ INFO  ] [ com.lucky.kali.business.BusinessApplication : 61 ] - Started BusinessApplication in 3.57 seconds (JVM running for 4.43)
2021-06-01 23:25:14.708 - [ INFO  ] [ com.lucky.kali.business.BusinessApplication : 55 ] - Starting BusinessApplication using Java 1.8.0_281 on ElliotsMacBook-Pro.local with PID 66196 (/Volumes/Application/Java/IDEA-WorkSpace/demo/SpringCloudFormework/lk-business/target/classes started by elliot in /Volumes/Application/Java/IDEA-WorkSpace/demo/SpringCloudFormework)
2021-06-01 23:25:14.711 - [ DEBUG ] [ com.lucky.kali.business.BusinessApplication : 56 ] - Running with Spring Boot v2.5.0, Spring v5.3.7
2021-06-01 23:25:14.711 - [ INFO  ] [ com.lucky.kali.business.BusinessApplication : 667 ] - The following profiles are active: local
2021-06-01 23:25:15.405 - [ WARN  ] [ org.mybatis.spring.mapper.ClassPathMapperScanner : 44 ] - No MyBatis mapper was found in '[com/lucky/kali/business/mapper]' package. Please check your configuration.
2021-06-01 23:25:15.711 - [ INFO  ] [ org.apache.coyote.http11.Http11NioProtocol : 173 ] - Initializing ProtocolHandler ["http-nio-7002"]
2021-06-01 23:25:15.712 - [ INFO  ] [ org.apache.catalina.core.StandardService : 173 ] - Starting service [Tomcat]
2021-06-01 23:25:15.712 - [ INFO  ] [ org.apache.catalina.core.StandardEngine : 173 ] - Starting Servlet engine: [Apache Tomcat/9.0.46]
2021-06-01 23:25:15.784 - [ INFO  ] [ o.a.c.core.ContainerBase.[Tomcat].[localhost].[/] : 173 ] - Initializing Spring embedded WebApplicationContext
2021-06-01 23:25:16.113 - [ INFO  ] [ c.a.d.s.b.a.DruidDataSourceAutoConfigure : 56 ] - Init DruidDataSource
2021-06-01 23:25:16.401 - [ INFO  ] [ com.alibaba.druid.pool.DruidDataSource : 990 ] - {dataSource-1} inited
2021-06-01 23:25:16.710 - [ INFO  ] [ org.apache.coyote.http11.Http11NioProtocol : 173 ] - Starting ProtocolHandler ["http-nio-7002"]
2021-06-01 23:25:16.745 - [ INFO  ] [ c.a.cloud.nacos.registry.NacosServiceRegistry : 75 ] - nacos registry, DEFAULT_GROUP lk-business 192.168.1.47:7002 register finished
2021-06-01 23:25:16.757 - [ INFO  ] [ com.lucky.kali.business.BusinessApplication : 61 ] - Started BusinessApplication in 2.684 seconds (JVM running for 3.446)
2021-06-01 23:25:54.891 - [ INFO  ] [ com.lucky.kali.business.BusinessApplication : 55 ] - Starting BusinessApplication using Java 1.8.0_281 on ElliotsMacBook-Pro.local with PID 66532 (/Volumes/Application/Java/IDEA-WorkSpace/demo/SpringCloudFormework/lk-business/target/classes started by elliot in /Volumes/Application/Java/IDEA-WorkSpace/demo/SpringCloudFormework)
2021-06-01 23:25:54.894 - [ DEBUG ] [ com.lucky.kali.business.BusinessApplication : 56 ] - Running with Spring Boot v2.5.0, Spring v5.3.7
2021-06-01 23:25:54.895 - [ INFO  ] [ com.lucky.kali.business.BusinessApplication : 667 ] - The following profiles are active: local
2021-06-01 23:25:55.581 - [ WARN  ] [ org.mybatis.spring.mapper.ClassPathMapperScanner : 44 ] - No MyBatis mapper was found in '[com/lucky/kali/business/mapper]' package. Please check your configuration.
2021-06-01 23:25:55.888 - [ INFO  ] [ org.apache.coyote.http11.Http11NioProtocol : 173 ] - Initializing ProtocolHandler ["http-nio-7002"]
2021-06-01 23:25:55.888 - [ INFO  ] [ org.apache.catalina.core.StandardService : 173 ] - Starting service [Tomcat]
2021-06-01 23:25:55.889 - [ INFO  ] [ org.apache.catalina.core.StandardEngine : 173 ] - Starting Servlet engine: [Apache Tomcat/9.0.46]
2021-06-01 23:25:55.961 - [ INFO  ] [ o.a.c.core.ContainerBase.[Tomcat].[localhost].[/] : 173 ] - Initializing Spring embedded WebApplicationContext
2021-06-01 23:25:56.298 - [ INFO  ] [ c.a.d.s.b.a.DruidDataSourceAutoConfigure : 56 ] - Init DruidDataSource
2021-06-01 23:25:56.551 - [ INFO  ] [ com.alibaba.druid.pool.DruidDataSource : 990 ] - {dataSource-1} inited
2021-06-01 23:25:56.853 - [ INFO  ] [ org.apache.coyote.http11.Http11NioProtocol : 173 ] - Starting ProtocolHandler ["http-nio-7002"]
2021-06-01 23:25:56.893 - [ INFO  ] [ c.a.cloud.nacos.registry.NacosServiceRegistry : 75 ] - nacos registry, DEFAULT_GROUP lk-business 192.168.1.47:7002 register finished
2021-06-01 23:25:56.906 - [ INFO  ] [ com.lucky.kali.business.BusinessApplication : 61 ] - Started BusinessApplication in 2.623 seconds (JVM running for 3.15)
2021-06-01 23:27:13.639 - [ INFO  ] [ o.a.c.core.ContainerBase.[Tomcat].[localhost].[/] : 173 ] - Initializing Spring DispatcherServlet 'dispatcherServlet'
2021-06-01 23:28:13.819 - [ INFO  ] [ com.lucky.kali.business.BusinessApplication : 55 ] - Starting BusinessApplication using Java 1.8.0_281 on ElliotsMacBook-Pro.local with PID 67695 (/Volumes/Application/Java/IDEA-WorkSpace/demo/SpringCloudFormework/lk-business/target/classes started by elliot in /Volumes/Application/Java/IDEA-WorkSpace/demo/SpringCloudFormework)
2021-06-01 23:28:13.823 - [ DEBUG ] [ com.lucky.kali.business.BusinessApplication : 56 ] - Running with Spring Boot v2.5.0, Spring v5.3.7
2021-06-01 23:28:13.823 - [ INFO  ] [ com.lucky.kali.business.BusinessApplication : 667 ] - The following profiles are active: local
2021-06-01 23:28:14.528 - [ WARN  ] [ org.mybatis.spring.mapper.ClassPathMapperScanner : 44 ] - No MyBatis mapper was found in '[com/lucky/kali/business/mapper]' package. Please check your configuration.
2021-06-01 23:28:14.821 - [ INFO  ] [ org.apache.coyote.http11.Http11NioProtocol : 173 ] - Initializing ProtocolHandler ["http-nio-7002"]
2021-06-01 23:28:14.822 - [ INFO  ] [ org.apache.catalina.core.StandardService : 173 ] - Starting service [Tomcat]
2021-06-01 23:28:14.822 - [ INFO  ] [ org.apache.catalina.core.StandardEngine : 173 ] - Starting Servlet engine: [Apache Tomcat/9.0.46]
2021-06-01 23:28:14.891 - [ INFO  ] [ o.a.c.core.ContainerBase.[Tomcat].[localhost].[/] : 173 ] - Initializing Spring embedded WebApplicationContext
2021-06-01 23:28:15.240 - [ INFO  ] [ c.a.d.s.b.a.DruidDataSourceAutoConfigure : 56 ] - Init DruidDataSource
2021-06-01 23:28:15.493 - [ INFO  ] [ com.alibaba.druid.pool.DruidDataSource : 990 ] - {dataSource-1} inited
2021-06-01 23:28:15.812 - [ INFO  ] [ org.apache.coyote.http11.Http11NioProtocol : 173 ] - Starting ProtocolHandler ["http-nio-7002"]
2021-06-01 23:28:15.850 - [ INFO  ] [ c.a.cloud.nacos.registry.NacosServiceRegistry : 75 ] - nacos registry, DEFAULT_GROUP lk-business 192.168.1.47:7002 register finished
2021-06-01 23:28:15.863 - [ INFO  ] [ com.lucky.kali.business.BusinessApplication : 61 ] - Started BusinessApplication in 2.618 seconds (JVM running for 3.216)
2021-06-01 23:28:24.191 - [ INFO  ] [ o.a.c.core.ContainerBase.[Tomcat].[localhost].[/] : 173 ] - Initializing Spring DispatcherServlet 'dispatcherServlet'
2021-06-01 23:29:49.538 - [ INFO  ] [ com.lucky.kali.business.BusinessApplication : 55 ] - Starting BusinessApplication using Java 1.8.0_281 on ElliotsMacBook-Pro.local with PID 68509 (/Volumes/Application/Java/IDEA-WorkSpace/demo/SpringCloudFormework/lk-business/target/classes started by elliot in /Volumes/Application/Java/IDEA-WorkSpace/demo/SpringCloudFormework)
2021-06-01 23:29:49.541 - [ DEBUG ] [ com.lucky.kali.business.BusinessApplication : 56 ] - Running with Spring Boot v2.5.0, Spring v5.3.7
2021-06-01 23:29:49.542 - [ INFO  ] [ com.lucky.kali.business.BusinessApplication : 667 ] - The following profiles are active: local
2021-06-01 23:29:50.303 - [ WARN  ] [ org.mybatis.spring.mapper.ClassPathMapperScanner : 44 ] - No MyBatis mapper was found in '[com/lucky/kali/business/mapper]' package. Please check your configuration.
2021-06-01 23:29:50.607 - [ INFO  ] [ org.apache.coyote.http11.Http11NioProtocol : 173 ] - Initializing ProtocolHandler ["http-nio-7002"]
2021-06-01 23:29:50.608 - [ INFO  ] [ org.apache.catalina.core.StandardService : 173 ] - Starting service [Tomcat]
2021-06-01 23:29:50.609 - [ INFO  ] [ org.apache.catalina.core.StandardEngine : 173 ] - Starting Servlet engine: [Apache Tomcat/9.0.46]
2021-06-01 23:29:50.685 - [ INFO  ] [ o.a.c.core.ContainerBase.[Tomcat].[localhost].[/] : 173 ] - Initializing Spring embedded WebApplicationContext
2021-06-01 23:29:51.027 - [ INFO  ] [ c.a.d.s.b.a.DruidDataSourceAutoConfigure : 56 ] - Init DruidDataSource
2021-06-01 23:29:51.301 - [ INFO  ] [ com.alibaba.druid.pool.DruidDataSource : 990 ] - {dataSource-1} inited
2021-06-01 23:29:51.616 - [ INFO  ] [ org.apache.coyote.http11.Http11NioProtocol : 173 ] - Starting ProtocolHandler ["http-nio-7002"]
2021-06-01 23:29:51.652 - [ INFO  ] [ c.a.cloud.nacos.registry.NacosServiceRegistry : 75 ] - nacos registry, DEFAULT_GROUP lk-business 192.168.1.47:7002 register finished
2021-06-01 23:29:51.664 - [ INFO  ] [ com.lucky.kali.business.BusinessApplication : 61 ] - Started BusinessApplication in 2.605 seconds (JVM running for 3.155)
2021-06-01 23:30:08.048 - [ INFO  ] [ o.a.c.core.ContainerBase.[Tomcat].[localhost].[/] : 173 ] - Initializing Spring DispatcherServlet 'dispatcherServlet'
2021-06-01 23:30:35.975 - [ INFO  ] [ com.lucky.kali.business.BusinessApplication : 55 ] - Starting BusinessApplication using Java 1.8.0_281 on ElliotsMacBook-Pro.local with PID 68889 (/Volumes/Application/Java/IDEA-WorkSpace/demo/SpringCloudFormework/lk-business/target/classes started by elliot in /Volumes/Application/Java/IDEA-WorkSpace/demo/SpringCloudFormework)
2021-06-01 23:30:35.977 - [ DEBUG ] [ com.lucky.kali.business.BusinessApplication : 56 ] - Running with Spring Boot v2.5.0, Spring v5.3.7
2021-06-01 23:30:35.978 - [ INFO  ] [ com.lucky.kali.business.BusinessApplication : 667 ] - The following profiles are active: local
2021-06-01 23:30:36.704 - [ WARN  ] [ org.mybatis.spring.mapper.ClassPathMapperScanner : 44 ] - No MyBatis mapper was found in '[com/lucky/kali/business/mapper]' package. Please check your configuration.
2021-06-01 23:30:37.073 - [ INFO  ] [ org.apache.coyote.http11.Http11NioProtocol : 173 ] - Initializing ProtocolHandler ["http-nio-7002"]
2021-06-01 23:30:37.074 - [ INFO  ] [ org.apache.catalina.core.StandardService : 173 ] - Starting service [Tomcat]
2021-06-01 23:30:37.074 - [ INFO  ] [ org.apache.catalina.core.StandardEngine : 173 ] - Starting Servlet engine: [Apache Tomcat/9.0.46]
2021-06-01 23:30:37.151 - [ INFO  ] [ o.a.c.core.ContainerBase.[Tomcat].[localhost].[/] : 173 ] - Initializing Spring embedded WebApplicationContext
2021-06-01 23:30:37.512 - [ INFO  ] [ c.a.d.s.b.a.DruidDataSourceAutoConfigure : 56 ] - Init DruidDataSource
2021-06-01 23:30:37.790 - [ INFO  ] [ com.alibaba.druid.pool.DruidDataSource : 990 ] - {dataSource-1} inited
2021-06-01 23:30:38.101 - [ INFO  ] [ org.apache.coyote.http11.Http11NioProtocol : 173 ] - Starting ProtocolHandler ["http-nio-7002"]
2021-06-01 23:30:38.140 - [ INFO  ] [ c.a.cloud.nacos.registry.NacosServiceRegistry : 75 ] - nacos registry, DEFAULT_GROUP lk-business 192.168.1.47:7002 register finished
2021-06-01 23:30:38.153 - [ INFO  ] [ com.lucky.kali.business.BusinessApplication : 61 ] - Started BusinessApplication in 2.859 seconds (JVM running for 3.696)
2021-06-01 23:30:50.545 - [ INFO  ] [ o.a.c.core.ContainerBase.[Tomcat].[localhost].[/] : 173 ] - Initializing Spring DispatcherServlet 'dispatcherServlet'
2021-06-01 23:34:45.601 - [ INFO  ] [ com.lucky.kali.business.BusinessApplication : 55 ] - Starting BusinessApplication using Java 1.8.0_281 on ElliotsMacBook-Pro.local with PID 70999 (/Volumes/Application/Java/IDEA-WorkSpace/demo/SpringCloudFormework/lk-business/target/classes started by elliot in /Volumes/Application/Java/IDEA-WorkSpace/demo/SpringCloudFormework)
2021-06-01 23:34:45.603 - [ DEBUG ] [ com.lucky.kali.business.BusinessApplication : 56 ] - Running with Spring Boot v2.5.0, Spring v5.3.7
2021-06-01 23:34:45.604 - [ INFO  ] [ com.lucky.kali.business.BusinessApplication : 667 ] - The following profiles are active: local
2021-06-01 23:34:46.355 - [ WARN  ] [ org.mybatis.spring.mapper.ClassPathMapperScanner : 44 ] - No MyBatis mapper was found in '[com/lucky/kali/business/mapper]' package. Please check your configuration.
2021-06-01 23:34:46.712 - [ INFO  ] [ org.apache.coyote.http11.Http11NioProtocol : 173 ] - Initializing ProtocolHandler ["http-nio-7002"]
2021-06-01 23:34:46.713 - [ INFO  ] [ org.apache.catalina.core.StandardService : 173 ] - Starting service [Tomcat]
2021-06-01 23:34:46.713 - [ INFO  ] [ org.apache.catalina.core.StandardEngine : 173 ] - Starting Servlet engine: [Apache Tomcat/9.0.46]
2021-06-01 23:34:46.814 - [ INFO  ] [ o.a.c.core.ContainerBase.[Tomcat].[localhost].[/] : 173 ] - Initializing Spring embedded WebApplicationContext
2021-06-01 23:34:47.200 - [ INFO  ] [ c.a.d.s.b.a.DruidDataSourceAutoConfigure : 56 ] - Init DruidDataSource
2021-06-01 23:34:47.460 - [ INFO  ] [ com.alibaba.druid.pool.DruidDataSource : 990 ] - {dataSource-1} inited
2021-06-01 23:34:47.775 - [ INFO  ] [ org.apache.coyote.http11.Http11NioProtocol : 173 ] - Starting ProtocolHandler ["http-nio-7002"]
2021-06-01 23:34:47.814 - [ INFO  ] [ c.a.cloud.nacos.registry.NacosServiceRegistry : 75 ] - nacos registry, DEFAULT_GROUP lk-business 192.168.1.47:7002 register finished
2021-06-01 23:34:47.826 - [ INFO  ] [ com.lucky.kali.business.BusinessApplication : 61 ] - Started BusinessApplication in 2.709 seconds (JVM running for 3.445)
2021-06-01 23:34:59.972 - [ INFO  ] [ o.a.c.core.ContainerBase.[Tomcat].[localhost].[/] : 173 ] - Initializing Spring DispatcherServlet 'dispatcherServlet'
2021-06-01 23:38:32.033 - [ INFO  ] [ com.lucky.kali.business.BusinessApplication : 55 ] - Starting BusinessApplication using Java 1.8.0_281 on ElliotsMacBook-Pro.local with PID 72881 (/Volumes/Application/Java/IDEA-WorkSpace/demo/SpringCloudFormework/lk-business/target/classes started by elliot in /Volumes/Application/Java/IDEA-WorkSpace/demo/SpringCloudFormework)
2021-06-01 23:38:32.036 - [ DEBUG ] [ com.lucky.kali.business.BusinessApplication : 56 ] - Running with Spring Boot v2.5.0, Spring v5.3.7
2021-06-01 23:38:32.037 - [ INFO  ] [ com.lucky.kali.business.BusinessApplication : 667 ] - The following profiles are active: local
2021-06-01 23:38:32.747 - [ WARN  ] [ org.mybatis.spring.mapper.ClassPathMapperScanner : 44 ] - No MyBatis mapper was found in '[com/lucky/kali/business/mapper]' package. Please check your configuration.
2021-06-01 23:38:33.061 - [ INFO  ] [ org.apache.coyote.http11.Http11NioProtocol : 173 ] - Initializing ProtocolHandler ["http-nio-7002"]
2021-06-01 23:38:33.062 - [ INFO  ] [ org.apache.catalina.core.StandardService : 173 ] - Starting service [Tomcat]
2021-06-01 23:38:33.062 - [ INFO  ] [ org.apache.catalina.core.StandardEngine : 173 ] - Starting Servlet engine: [Apache Tomcat/9.0.46]
2021-06-01 23:38:33.140 - [ INFO  ] [ o.a.c.core.ContainerBase.[Tomcat].[localhost].[/] : 173 ] - Initializing Spring embedded WebApplicationContext
2021-06-01 23:38:33.539 - [ INFO  ] [ c.a.d.s.b.a.DruidDataSourceAutoConfigure : 56 ] - Init DruidDataSource
2021-06-01 23:38:33.914 - [ INFO  ] [ com.alibaba.druid.pool.DruidDataSource : 990 ] - {dataSource-1} inited
2021-06-01 23:38:34.275 - [ INFO  ] [ org.apache.coyote.http11.Http11NioProtocol : 173 ] - Starting ProtocolHandler ["http-nio-7002"]
2021-06-01 23:38:34.320 - [ INFO  ] [ c.a.cloud.nacos.registry.NacosServiceRegistry : 75 ] - nacos registry, DEFAULT_GROUP lk-business 192.168.1.47:7002 register finished
2021-06-01 23:38:34.333 - [ INFO  ] [ com.lucky.kali.business.BusinessApplication : 61 ] - Started BusinessApplication in 2.843 seconds (JVM running for 3.531)
2021-06-01 23:38:55.276 - [ INFO  ] [ o.a.c.core.ContainerBase.[Tomcat].[localhost].[/] : 173 ] - Initializing Spring DispatcherServlet 'dispatcherServlet'
