2021-06-01 22:14:03.263 - [ INFO  ] [ org.hibernate.validator.internal.util.Version : 21 ] - HV000001: Hibernate Validator 6.2.0.Final
2021-06-01 22:14:03.799 - [ INFO  ] [ com.lucky.kali.gateway.GateWayApplication : 55 ] - Starting GateWayApplication using Java 1.8.0_281 on ElliotsMacBook-Pro.local with PID 30417 (/Volumes/Application/Java/IDEA-WorkSpace/demo/SpringCloudFormework/lk-gateway/target/classes started by elliot in /Volumes/Application/Java/IDEA-WorkSpace/demo/SpringCloudFormework)
2021-06-01 22:14:03.800 - [ DEBUG ] [ com.lucky.kali.gateway.GateWayApplication : 56 ] - Running with Spring Boot v2.5.0, Spring v5.3.7
2021-06-01 22:14:03.800 - [ INFO  ] [ com.lucky.kali.gateway.GateWayApplication : 667 ] - The following profiles are active: local
2021-06-01 22:14:08.381 - [ INFO  ] [ c.a.cloud.nacos.registry.NacosServiceRegistry : 75 ] - nacos registry, DEFAULT_GROUP lk-gateway 192.168.1.47:7001 register finished
2021-06-01 22:14:08.413 - [ INFO  ] [ com.lucky.kali.gateway.GateWayApplication : 61 ] - Started GateWayApplication in 6.502 seconds (JVM running for 13.538)
2021-06-01 22:19:09.976 - [ WARN  ] [ com.alibaba.nacos.common.http.HttpClientBeanHolder : 108 ] - [HttpClientBeanHolder] Start destroying common HttpClient
2021-06-01 22:19:09.976 - [ WARN  ] [ com.alibaba.nacos.common.notify.NotifyCenter : 145 ] - [NotifyCenter] Start destroying Publisher
2021-06-01 22:19:09.977 - [ WARN  ] [ com.alibaba.nacos.common.notify.NotifyCenter : 162 ] - [NotifyCenter] Destruction of the end
2021-06-01 22:19:32.722 - [ INFO  ] [ org.hibernate.validator.internal.util.Version : 21 ] - HV000001: Hibernate Validator 6.2.0.Final
2021-06-01 22:19:33.219 - [ INFO  ] [ com.lucky.kali.gateway.GateWayApplication : 55 ] - Starting GateWayApplication using Java 1.8.0_281 on ElliotsMacBook-Pro.local with PID 33184 (/Volumes/Application/Java/IDEA-WorkSpace/demo/SpringCloudFormework/lk-gateway/target/classes started by elliot in /Volumes/Application/Java/IDEA-WorkSpace/demo/SpringCloudFormework)
2021-06-01 22:19:33.220 - [ DEBUG ] [ com.lucky.kali.gateway.GateWayApplication : 56 ] - Running with Spring Boot v2.5.0, Spring v5.3.7
2021-06-01 22:19:33.221 - [ INFO  ] [ com.lucky.kali.gateway.GateWayApplication : 667 ] - The following profiles are active: local
2021-06-01 22:19:37.605 - [ INFO  ] [ c.a.cloud.nacos.registry.NacosServiceRegistry : 75 ] - nacos registry, DEFAULT_GROUP lk-gateway 192.168.1.47:7001 register finished
2021-06-01 22:19:37.627 - [ INFO  ] [ com.lucky.kali.gateway.GateWayApplication : 61 ] - Started GateWayApplication in 6.276 seconds (JVM running for 12.971)
2021-06-01 22:23:56.603 - [ WARN  ] [ com.alibaba.nacos.common.http.HttpClientBeanHolder : 108 ] - [HttpClientBeanHolder] Start destroying common HttpClient
2021-06-01 22:23:56.604 - [ WARN  ] [ com.alibaba.nacos.common.notify.NotifyCenter : 145 ] - [NotifyCenter] Start destroying Publisher
2021-06-01 22:23:56.604 - [ WARN  ] [ com.alibaba.nacos.common.notify.NotifyCenter : 162 ] - [NotifyCenter] Destruction of the end
2021-06-01 22:24:13.749 - [ INFO  ] [ org.hibernate.validator.internal.util.Version : 21 ] - HV000001: Hibernate Validator 6.2.0.Final
2021-06-01 22:24:14.245 - [ INFO  ] [ com.lucky.kali.gateway.GateWayApplication : 55 ] - Starting GateWayApplication using Java 1.8.0_281 on ElliotsMacBook-Pro.local with PID 35529 (/Volumes/Application/Java/IDEA-WorkSpace/demo/SpringCloudFormework/lk-gateway/target/classes started by elliot in /Volumes/Application/Java/IDEA-WorkSpace/demo/SpringCloudFormework)
2021-06-01 22:24:14.245 - [ DEBUG ] [ com.lucky.kali.gateway.GateWayApplication : 56 ] - Running with Spring Boot v2.5.0, Spring v5.3.7
2021-06-01 22:24:14.246 - [ INFO  ] [ com.lucky.kali.gateway.GateWayApplication : 667 ] - The following profiles are active: local
2021-06-01 22:24:18.853 - [ INFO  ] [ c.a.cloud.nacos.registry.NacosServiceRegistry : 75 ] - nacos registry, DEFAULT_GROUP lk-gateway 192.168.1.47:7001 register finished
2021-06-01 22:24:18.877 - [ INFO  ] [ com.lucky.kali.gateway.GateWayApplication : 61 ] - Started GateWayApplication in 6.492 seconds (JVM running for 13.14)
2021-06-01 22:25:07.687 - [ INFO  ] [ org.hibernate.validator.internal.util.Version : 21 ] - HV000001: Hibernate Validator 6.2.0.Final
2021-06-01 22:25:07.708 - [ INFO  ] [ com.lucky.kali.gateway.GateWayApplication : 55 ] - Starting GateWayApplication using Java 1.8.0_281 on ElliotsMacBook-Pro.local with PID 36050 (/Volumes/Application/Java/IDEA-WorkSpace/demo/SpringCloudFormework/lk-gateway/target/classes started by elliot in /Volumes/Application/Java/IDEA-WorkSpace/demo/SpringCloudFormework)
2021-06-01 22:25:07.709 - [ DEBUG ] [ com.lucky.kali.gateway.GateWayApplication : 56 ] - Running with Spring Boot v2.5.0, Spring v5.3.7
2021-06-01 22:25:07.709 - [ INFO  ] [ com.lucky.kali.gateway.GateWayApplication : 667 ] - The following profiles are active: local
2021-06-01 22:25:09.560 - [ INFO  ] [ c.a.cloud.nacos.registry.NacosServiceRegistry : 75 ] - nacos registry, DEFAULT_GROUP lk-gateway 192.168.1.47:7001 register finished
2021-06-01 22:25:09.573 - [ INFO  ] [ com.lucky.kali.gateway.GateWayApplication : 61 ] - Started GateWayApplication in 2.35 seconds (JVM running for 2.994)
2021-06-01 22:26:08.675 - [ INFO  ] [ org.hibernate.validator.internal.util.Version : 21 ] - HV000001: Hibernate Validator 6.2.0.Final
2021-06-01 22:26:08.702 - [ INFO  ] [ com.lucky.kali.gateway.GateWayApplication : 55 ] - Starting GateWayApplication using Java 1.8.0_281 on ElliotsMacBook-Pro.local with PID 36562 (/Volumes/Application/Java/IDEA-WorkSpace/demo/SpringCloudFormework/lk-gateway/target/classes started by elliot in /Volumes/Application/Java/IDEA-WorkSpace/demo/SpringCloudFormework)
2021-06-01 22:26:08.703 - [ DEBUG ] [ com.lucky.kali.gateway.GateWayApplication : 56 ] - Running with Spring Boot v2.5.0, Spring v5.3.7
2021-06-01 22:26:08.703 - [ INFO  ] [ com.lucky.kali.gateway.GateWayApplication : 667 ] - The following profiles are active: local
2021-06-01 22:26:10.595 - [ INFO  ] [ c.a.cloud.nacos.registry.NacosServiceRegistry : 75 ] - nacos registry, DEFAULT_GROUP lk-gateway 192.168.1.47:7000 register finished
2021-06-01 22:26:10.611 - [ INFO  ] [ com.lucky.kali.gateway.GateWayApplication : 61 ] - Started GateWayApplication in 2.56 seconds (JVM running for 3.417)
2021-06-01 22:29:39.370 - [ INFO  ] [ org.hibernate.validator.internal.util.Version : 21 ] - HV000001: Hibernate Validator 6.2.0.Final
2021-06-01 22:29:39.389 - [ INFO  ] [ com.lucky.kali.gateway.GateWayApplication : 55 ] - Starting GateWayApplication using Java 1.8.0_281 on ElliotsMacBook-Pro.local with PID 38327 (/Volumes/Application/Java/IDEA-WorkSpace/demo/SpringCloudFormework/lk-gateway/target/classes started by elliot in /Volumes/Application/Java/IDEA-WorkSpace/demo/SpringCloudFormework)
2021-06-01 22:29:39.389 - [ DEBUG ] [ com.lucky.kali.gateway.GateWayApplication : 56 ] - Running with Spring Boot v2.5.0, Spring v5.3.7
2021-06-01 22:29:39.389 - [ INFO  ] [ com.lucky.kali.gateway.GateWayApplication : 667 ] - The following profiles are active: local
2021-06-01 22:29:41.496 - [ INFO  ] [ c.a.cloud.nacos.registry.NacosServiceRegistry : 75 ] - nacos registry, DEFAULT_GROUP lk-gateway 192.168.1.47:7000 register finished
2021-06-01 22:29:41.513 - [ INFO  ] [ com.lucky.kali.gateway.GateWayApplication : 61 ] - Started GateWayApplication in 2.834 seconds (JVM running for 3.755)
2021-06-01 22:31:37.635 - [ INFO  ] [ org.hibernate.validator.internal.util.Version : 21 ] - HV000001: Hibernate Validator 6.2.0.Final
2021-06-01 22:31:37.650 - [ INFO  ] [ com.lucky.kali.gateway.GateWayApplication : 55 ] - Starting GateWayApplication using Java 1.8.0_281 on ElliotsMacBook-Pro.local with PID 39325 (/Volumes/Application/Java/IDEA-WorkSpace/demo/SpringCloudFormework/lk-gateway/target/classes started by elliot in /Volumes/Application/Java/IDEA-WorkSpace/demo/SpringCloudFormework)
2021-06-01 22:31:37.651 - [ DEBUG ] [ com.lucky.kali.gateway.GateWayApplication : 56 ] - Running with Spring Boot v2.5.0, Spring v5.3.7
2021-06-01 22:31:37.651 - [ INFO  ] [ com.lucky.kali.gateway.GateWayApplication : 667 ] - The following profiles are active: local
2021-06-01 22:31:39.771 - [ INFO  ] [ c.a.cloud.nacos.registry.NacosServiceRegistry : 75 ] - nacos registry, DEFAULT_GROUP lk-gateway 192.168.1.47:7000 register finished
2021-06-01 22:31:39.786 - [ INFO  ] [ com.lucky.kali.gateway.GateWayApplication : 61 ] - Started GateWayApplication in 2.588 seconds (JVM running for 3.199)
2021-06-01 22:33:45.677 - [ INFO  ] [ org.hibernate.validator.internal.util.Version : 21 ] - HV000001: Hibernate Validator 6.2.0.Final
2021-06-01 22:33:45.697 - [ INFO  ] [ com.lucky.kali.gateway.GateWayApplication : 55 ] - Starting GateWayApplication using Java 1.8.0_281 on ElliotsMacBook-Pro.local with PID 40389 (/Volumes/Application/Java/IDEA-WorkSpace/demo/SpringCloudFormework/lk-gateway/target/classes started by elliot in /Volumes/Application/Java/IDEA-WorkSpace/demo/SpringCloudFormework)
2021-06-01 22:33:45.697 - [ DEBUG ] [ com.lucky.kali.gateway.GateWayApplication : 56 ] - Running with Spring Boot v2.5.0, Spring v5.3.7
2021-06-01 22:33:45.698 - [ INFO  ] [ com.lucky.kali.gateway.GateWayApplication : 667 ] - The following profiles are active: local
2021-06-01 22:33:47.404 - [ INFO  ] [ c.a.cloud.nacos.registry.NacosServiceRegistry : 75 ] - nacos registry, DEFAULT_GROUP lk-gateway 192.168.1.47:7000 register finished
2021-06-01 22:33:47.419 - [ INFO  ] [ com.lucky.kali.gateway.GateWayApplication : 61 ] - Started GateWayApplication in 2.278 seconds (JVM running for 3.088)
2021-06-01 22:34:36.034 - [ INFO  ] [ org.hibernate.validator.internal.util.Version : 21 ] - HV000001: Hibernate Validator 6.2.0.Final
2021-06-01 22:34:36.052 - [ INFO  ] [ com.lucky.kali.gateway.GateWayApplication : 55 ] - Starting GateWayApplication using Java 1.8.0_281 on ElliotsMacBook-Pro.local with PID 40811 (/Volumes/Application/Java/IDEA-WorkSpace/demo/SpringCloudFormework/lk-gateway/target/classes started by elliot in /Volumes/Application/Java/IDEA-WorkSpace/demo/SpringCloudFormework)
2021-06-01 22:34:36.053 - [ DEBUG ] [ com.lucky.kali.gateway.GateWayApplication : 56 ] - Running with Spring Boot v2.5.0, Spring v5.3.7
2021-06-01 22:34:36.053 - [ INFO  ] [ com.lucky.kali.gateway.GateWayApplication : 667 ] - The following profiles are active: local
2021-06-01 22:34:37.747 - [ INFO  ] [ c.a.cloud.nacos.registry.NacosServiceRegistry : 75 ] - nacos registry, DEFAULT_GROUP lk-gateway 192.168.1.47:7000 register finished
2021-06-01 22:34:37.760 - [ INFO  ] [ com.lucky.kali.gateway.GateWayApplication : 61 ] - Started GateWayApplication in 2.171 seconds (JVM running for 2.765)
2021-06-01 22:37:04.243 - [ INFO  ] [ org.hibernate.validator.internal.util.Version : 21 ] - HV000001: Hibernate Validator 6.2.0.Final
2021-06-01 22:37:04.262 - [ INFO  ] [ com.lucky.kali.gateway.GateWayApplication : 55 ] - Starting GateWayApplication using Java 1.8.0_281 on ElliotsMacBook-Pro.local with PID 42043 (/Volumes/Application/Java/IDEA-WorkSpace/demo/SpringCloudFormework/lk-gateway/target/classes started by elliot in /Volumes/Application/Java/IDEA-WorkSpace/demo/SpringCloudFormework)
2021-06-01 22:37:04.263 - [ DEBUG ] [ com.lucky.kali.gateway.GateWayApplication : 56 ] - Running with Spring Boot v2.5.0, Spring v5.3.7
2021-06-01 22:37:04.263 - [ INFO  ] [ com.lucky.kali.gateway.GateWayApplication : 667 ] - The following profiles are active: local
2021-06-01 22:37:06.276 - [ INFO  ] [ c.a.cloud.nacos.registry.NacosServiceRegistry : 75 ] - nacos registry, DEFAULT_GROUP lk-gateway 192.168.1.47:7000 register finished
2021-06-01 22:37:06.291 - [ INFO  ] [ com.lucky.kali.gateway.GateWayApplication : 61 ] - Started GateWayApplication in 2.591 seconds (JVM running for 3.418)
2021-06-01 22:38:15.025 - [ INFO  ] [ org.hibernate.validator.internal.util.Version : 21 ] - HV000001: Hibernate Validator 6.2.0.Final
2021-06-01 22:38:15.043 - [ INFO  ] [ com.lucky.kali.gateway.GateWayApplication : 55 ] - Starting GateWayApplication using Java 1.8.0_281 on ElliotsMacBook-Pro.local with PID 42632 (/Volumes/Application/Java/IDEA-WorkSpace/demo/SpringCloudFormework/lk-gateway/target/classes started by elliot in /Volumes/Application/Java/IDEA-WorkSpace/demo/SpringCloudFormework)
2021-06-01 22:38:15.043 - [ DEBUG ] [ com.lucky.kali.gateway.GateWayApplication : 56 ] - Running with Spring Boot v2.5.0, Spring v5.3.7
2021-06-01 22:38:15.043 - [ INFO  ] [ com.lucky.kali.gateway.GateWayApplication : 667 ] - The following profiles are active: local
2021-06-01 22:38:16.725 - [ INFO  ] [ c.a.cloud.nacos.registry.NacosServiceRegistry : 75 ] - nacos registry, DEFAULT_GROUP lk-gateway 192.168.1.47:7000 register finished
2021-06-01 22:38:16.740 - [ INFO  ] [ com.lucky.kali.gateway.GateWayApplication : 61 ] - Started GateWayApplication in 2.146 seconds (JVM running for 2.718)
2021-06-01 22:39:25.909 - [ INFO  ] [ org.hibernate.validator.internal.util.Version : 21 ] - HV000001: Hibernate Validator 6.2.0.Final
2021-06-01 22:39:25.935 - [ INFO  ] [ com.lucky.kali.gateway.GateWayApplication : 55 ] - Starting GateWayApplication using Java 1.8.0_281 on ElliotsMacBook-Pro.local with PID 43219 (/Volumes/Application/Java/IDEA-WorkSpace/demo/SpringCloudFormework/lk-gateway/target/classes started by elliot in /Volumes/Application/Java/IDEA-WorkSpace/demo/SpringCloudFormework)
2021-06-01 22:39:25.936 - [ DEBUG ] [ com.lucky.kali.gateway.GateWayApplication : 56 ] - Running with Spring Boot v2.5.0, Spring v5.3.7
2021-06-01 22:39:25.936 - [ INFO  ] [ com.lucky.kali.gateway.GateWayApplication : 667 ] - The following profiles are active: local
2021-06-01 22:39:27.789 - [ INFO  ] [ c.a.cloud.nacos.registry.NacosServiceRegistry : 75 ] - nacos registry, DEFAULT_GROUP lk-gateway 192.168.1.47:7000 register finished
2021-06-01 22:39:27.803 - [ INFO  ] [ com.lucky.kali.gateway.GateWayApplication : 61 ] - Started GateWayApplication in 2.431 seconds (JVM running for 3.378)
2021-06-01 22:43:27.899 - [ INFO  ] [ org.hibernate.validator.internal.util.Version : 21 ] - HV000001: Hibernate Validator 6.2.0.Final
2021-06-01 22:43:27.922 - [ INFO  ] [ com.lucky.kali.gateway.GateWayApplication : 55 ] - Starting GateWayApplication using Java 1.8.0_281 on ElliotsMacBook-Pro.local with PID 45222 (/Volumes/Application/Java/IDEA-WorkSpace/demo/SpringCloudFormework/lk-gateway/target/classes started by elliot in /Volumes/Application/Java/IDEA-WorkSpace/demo/SpringCloudFormework)
2021-06-01 22:43:27.923 - [ DEBUG ] [ com.lucky.kali.gateway.GateWayApplication : 56 ] - Running with Spring Boot v2.5.0, Spring v5.3.7
2021-06-01 22:43:27.923 - [ INFO  ] [ com.lucky.kali.gateway.GateWayApplication : 667 ] - The following profiles are active: local
2021-06-01 22:43:29.960 - [ INFO  ] [ c.a.cloud.nacos.registry.NacosServiceRegistry : 75 ] - nacos registry, DEFAULT_GROUP lk-gateway 192.168.1.47:7000 register finished
2021-06-01 22:43:29.974 - [ INFO  ] [ com.lucky.kali.gateway.GateWayApplication : 61 ] - Started GateWayApplication in 2.692 seconds (JVM running for 3.575)
2021-06-01 22:46:19.473 - [ INFO  ] [ org.hibernate.validator.internal.util.Version : 21 ] - HV000001: Hibernate Validator 6.2.0.Final
2021-06-01 22:46:19.490 - [ INFO  ] [ com.lucky.kali.gateway.GateWayApplication : 55 ] - Starting GateWayApplication using Java 1.8.0_281 on ElliotsMacBook-Pro.local with PID 46642 (/Volumes/Application/Java/IDEA-WorkSpace/demo/SpringCloudFormework/lk-gateway/target/classes started by elliot in /Volumes/Application/Java/IDEA-WorkSpace/demo/SpringCloudFormework)
2021-06-01 22:46:19.490 - [ DEBUG ] [ com.lucky.kali.gateway.GateWayApplication : 56 ] - Running with Spring Boot v2.5.0, Spring v5.3.7
2021-06-01 22:46:19.490 - [ INFO  ] [ com.lucky.kali.gateway.GateWayApplication : 667 ] - The following profiles are active: local
2021-06-01 22:46:21.224 - [ INFO  ] [ c.a.cloud.nacos.registry.NacosServiceRegistry : 75 ] - nacos registry, DEFAULT_GROUP lk-gateway 192.168.1.47:7000 register finished
2021-06-01 22:46:21.238 - [ INFO  ] [ com.lucky.kali.gateway.GateWayApplication : 61 ] - Started GateWayApplication in 2.205 seconds (JVM running for 2.961)
2021-06-01 22:52:20.405 - [ INFO  ] [ org.hibernate.validator.internal.util.Version : 21 ] - HV000001: Hibernate Validator 6.2.0.Final
2021-06-01 22:52:20.432 - [ INFO  ] [ com.lucky.kali.gateway.GateWayApplication : 55 ] - Starting GateWayApplication using Java 1.8.0_281 on ElliotsMacBook-Pro.local with PID 49637 (/Volumes/Application/Java/IDEA-WorkSpace/demo/SpringCloudFormework/lk-gateway/target/classes started by elliot in /Volumes/Application/Java/IDEA-WorkSpace/demo/SpringCloudFormework)
2021-06-01 22:52:20.433 - [ DEBUG ] [ com.lucky.kali.gateway.GateWayApplication : 56 ] - Running with Spring Boot v2.5.0, Spring v5.3.7
2021-06-01 22:52:20.433 - [ INFO  ] [ com.lucky.kali.gateway.GateWayApplication : 667 ] - The following profiles are active: local
2021-06-01 22:52:22.359 - [ INFO  ] [ c.a.cloud.nacos.registry.NacosServiceRegistry : 75 ] - nacos registry, DEFAULT_GROUP lk-gateway 192.168.1.47:7000 register finished
2021-06-01 22:52:22.374 - [ INFO  ] [ com.lucky.kali.gateway.GateWayApplication : 61 ] - Started GateWayApplication in 2.52 seconds (JVM running for 3.122)
2021-06-01 22:57:40.854 - [ INFO  ] [ org.hibernate.validator.internal.util.Version : 21 ] - HV000001: Hibernate Validator 6.2.0.Final
2021-06-01 22:57:40.889 - [ INFO  ] [ com.lucky.kali.gateway.GateWayApplication : 55 ] - Starting GateWayApplication using Java 1.8.0_281 on ElliotsMacBook-Pro.local with PID 52293 (/Volumes/Application/Java/IDEA-WorkSpace/demo/SpringCloudFormework/lk-gateway/target/classes started by elliot in /Volumes/Application/Java/IDEA-WorkSpace/demo/SpringCloudFormework)
2021-06-01 22:57:40.889 - [ DEBUG ] [ com.lucky.kali.gateway.GateWayApplication : 56 ] - Running with Spring Boot v2.5.0, Spring v5.3.7
2021-06-01 22:57:40.890 - [ INFO  ] [ com.lucky.kali.gateway.GateWayApplication : 667 ] - The following profiles are active: local
2021-06-01 22:57:42.598 - [ INFO  ] [ c.a.cloud.nacos.registry.NacosServiceRegistry : 75 ] - nacos registry, DEFAULT_GROUP lk-gateway 192.168.1.47:7000 register finished
2021-06-01 22:57:42.611 - [ INFO  ] [ com.lucky.kali.gateway.GateWayApplication : 61 ] - Started GateWayApplication in 2.415 seconds (JVM running for 3.141)
2021-06-01 23:02:29.170 - [ INFO  ] [ org.hibernate.validator.internal.util.Version : 21 ] - HV000001: Hibernate Validator 6.2.0.Final
2021-06-01 23:02:29.222 - [ INFO  ] [ com.lucky.kali.gateway.GateWayApplication : 55 ] - Starting GateWayApplication using Java 1.8.0_281 on ElliotsMacBook-Pro.local with PID 54670 (/Volumes/Application/Java/IDEA-WorkSpace/demo/SpringCloudFormework/lk-gateway/target/classes started by elliot in /Volumes/Application/Java/IDEA-WorkSpace/demo/SpringCloudFormework)
2021-06-01 23:02:29.223 - [ DEBUG ] [ com.lucky.kali.gateway.GateWayApplication : 56 ] - Running with Spring Boot v2.5.0, Spring v5.3.7
2021-06-01 23:02:29.225 - [ INFO  ] [ com.lucky.kali.gateway.GateWayApplication : 667 ] - The following profiles are active: local
2021-06-01 23:02:32.423 - [ INFO  ] [ c.a.cloud.nacos.registry.NacosServiceRegistry : 75 ] - nacos registry, DEFAULT_GROUP lk-gateway 192.168.1.47:7000 register finished
2021-06-01 23:02:32.439 - [ INFO  ] [ com.lucky.kali.gateway.GateWayApplication : 61 ] - Started GateWayApplication in 5.45 seconds (JVM running for 6.91)
2021-06-01 23:03:37.690 - [ INFO  ] [ org.hibernate.validator.internal.util.Version : 21 ] - HV000001: Hibernate Validator 6.2.0.Final
2021-06-01 23:03:37.714 - [ INFO  ] [ com.lucky.kali.gateway.GateWayApplication : 55 ] - Starting GateWayApplication using Java 1.8.0_281 on ElliotsMacBook-Pro.local with PID 55287 (/Volumes/Application/Java/IDEA-WorkSpace/demo/SpringCloudFormework/lk-gateway/target/classes started by elliot in /Volumes/Application/Java/IDEA-WorkSpace/demo/SpringCloudFormework)
2021-06-01 23:03:37.715 - [ DEBUG ] [ com.lucky.kali.gateway.GateWayApplication : 56 ] - Running with Spring Boot v2.5.0, Spring v5.3.7
2021-06-01 23:03:37.716 - [ INFO  ] [ com.lucky.kali.gateway.GateWayApplication : 667 ] - The following profiles are active: local
2021-06-01 23:03:39.426 - [ INFO  ] [ c.a.cloud.nacos.registry.NacosServiceRegistry : 75 ] - nacos registry, DEFAULT_GROUP lk-gateway 192.168.1.47:7000 register finished
2021-06-01 23:03:39.439 - [ INFO  ] [ com.lucky.kali.gateway.GateWayApplication : 61 ] - Started GateWayApplication in 2.255 seconds (JVM running for 2.871)
2021-06-01 23:04:52.931 - [ INFO  ] [ org.hibernate.validator.internal.util.Version : 21 ] - HV000001: Hibernate Validator 6.2.0.Final
2021-06-01 23:04:52.955 - [ INFO  ] [ com.lucky.kali.gateway.GateWayApplication : 55 ] - Starting GateWayApplication using Java 1.8.0_281 on ElliotsMacBook-Pro.local with PID 55924 (/Volumes/Application/Java/IDEA-WorkSpace/demo/SpringCloudFormework/lk-gateway/target/classes started by elliot in /Volumes/Application/Java/IDEA-WorkSpace/demo/SpringCloudFormework)
2021-06-01 23:04:52.956 - [ DEBUG ] [ com.lucky.kali.gateway.GateWayApplication : 56 ] - Running with Spring Boot v2.5.0, Spring v5.3.7
2021-06-01 23:04:52.956 - [ INFO  ] [ com.lucky.kali.gateway.GateWayApplication : 667 ] - The following profiles are active: local
2021-06-01 23:04:54.913 - [ INFO  ] [ c.a.cloud.nacos.registry.NacosServiceRegistry : 75 ] - nacos registry, DEFAULT_GROUP lk-gateway 192.168.1.47:7000 register finished
2021-06-01 23:04:54.927 - [ INFO  ] [ com.lucky.kali.gateway.GateWayApplication : 61 ] - Started GateWayApplication in 2.619 seconds (JVM running for 3.31)
2021-06-01 23:11:27.301 - [ INFO  ] [ org.hibernate.validator.internal.util.Version : 21 ] - HV000001: Hibernate Validator 6.2.0.Final
2021-06-01 23:11:27.320 - [ INFO  ] [ com.lucky.kali.gateway.GateWayApplication : 55 ] - Starting GateWayApplication using Java 1.8.0_281 on ElliotsMacBook-Pro.local with PID 59290 (/Volumes/Application/Java/IDEA-WorkSpace/demo/SpringCloudFormework/lk-gateway/target/classes started by elliot in /Volumes/Application/Java/IDEA-WorkSpace/demo/SpringCloudFormework)
2021-06-01 23:11:27.321 - [ DEBUG ] [ com.lucky.kali.gateway.GateWayApplication : 56 ] - Running with Spring Boot v2.5.0, Spring v5.3.7
2021-06-01 23:11:27.321 - [ INFO  ] [ com.lucky.kali.gateway.GateWayApplication : 667 ] - The following profiles are active: local
2021-06-01 23:11:29.492 - [ INFO  ] [ c.a.cloud.nacos.registry.NacosServiceRegistry : 75 ] - nacos registry, DEFAULT_GROUP lk-gateway 192.168.1.47:7000 register finished
2021-06-01 23:11:29.507 - [ INFO  ] [ com.lucky.kali.gateway.GateWayApplication : 61 ] - Started GateWayApplication in 2.78 seconds (JVM running for 3.698)
2021-06-01 23:17:40.918 - [ INFO  ] [ org.hibernate.validator.internal.util.Version : 21 ] - HV000001: Hibernate Validator 6.2.0.Final
2021-06-01 23:17:40.943 - [ INFO  ] [ com.lucky.kali.gateway.GateWayApplication : 55 ] - Starting GateWayApplication using Java 1.8.0_281 on ElliotsMacBook-Pro.local with PID 62409 (/Volumes/Application/Java/IDEA-WorkSpace/demo/SpringCloudFormework/lk-gateway/target/classes started by elliot in /Volumes/Application/Java/IDEA-WorkSpace/demo/SpringCloudFormework)
2021-06-01 23:17:40.943 - [ DEBUG ] [ com.lucky.kali.gateway.GateWayApplication : 56 ] - Running with Spring Boot v2.5.0, Spring v5.3.7
2021-06-01 23:17:40.944 - [ INFO  ] [ com.lucky.kali.gateway.GateWayApplication : 667 ] - The following profiles are active: local
2021-06-01 23:17:42.649 - [ INFO  ] [ c.a.cloud.nacos.registry.NacosServiceRegistry : 75 ] - nacos registry, DEFAULT_GROUP lk-gateway 192.168.1.47:7000 register finished
2021-06-01 23:17:42.664 - [ INFO  ] [ com.lucky.kali.gateway.GateWayApplication : 61 ] - Started GateWayApplication in 2.272 seconds (JVM running for 2.913)
2021-06-01 23:23:02.305 - [ INFO  ] [ org.hibernate.validator.internal.util.Version : 21 ] - HV000001: Hibernate Validator 6.2.0.Final
2021-06-01 23:23:02.341 - [ INFO  ] [ com.lucky.kali.gateway.GateWayApplication : 55 ] - Starting GateWayApplication using Java 1.8.0_281 on ElliotsMacBook-Pro.local with PID 65097 (/Volumes/Application/Java/IDEA-WorkSpace/demo/SpringCloudFormework/lk-gateway/target/classes started by elliot in /Volumes/Application/Java/IDEA-WorkSpace/demo/SpringCloudFormework)
2021-06-01 23:23:02.342 - [ DEBUG ] [ com.lucky.kali.gateway.GateWayApplication : 56 ] - Running with Spring Boot v2.5.0, Spring v5.3.7
2021-06-01 23:23:02.343 - [ INFO  ] [ com.lucky.kali.gateway.GateWayApplication : 667 ] - The following profiles are active: local
2021-06-01 23:23:04.062 - [ INFO  ] [ c.a.cloud.nacos.registry.NacosServiceRegistry : 75 ] - nacos registry, DEFAULT_GROUP lk-gateway 192.168.1.47:7000 register finished
2021-06-01 23:23:04.079 - [ INFO  ] [ com.lucky.kali.gateway.GateWayApplication : 61 ] - Started GateWayApplication in 2.353 seconds (JVM running for 3.227)
2021-06-01 23:27:16.999 - [ INFO  ] [ org.hibernate.validator.internal.util.Version : 21 ] - HV000001: Hibernate Validator 6.2.0.Final
2021-06-01 23:27:17.018 - [ INFO  ] [ com.lucky.kali.gateway.GateWayApplication : 55 ] - Starting GateWayApplication using Java 1.8.0_281 on ElliotsMacBook-Pro.local with PID 67220 (/Volumes/Application/Java/IDEA-WorkSpace/demo/SpringCloudFormework/lk-gateway/target/classes started by elliot in /Volumes/Application/Java/IDEA-WorkSpace/demo/SpringCloudFormework)
2021-06-01 23:27:17.018 - [ DEBUG ] [ com.lucky.kali.gateway.GateWayApplication : 56 ] - Running with Spring Boot v2.5.0, Spring v5.3.7
2021-06-01 23:27:17.018 - [ INFO  ] [ com.lucky.kali.gateway.GateWayApplication : 667 ] - The following profiles are active: local
2021-06-01 23:27:18.935 - [ INFO  ] [ c.a.cloud.nacos.registry.NacosServiceRegistry : 75 ] - nacos registry, DEFAULT_GROUP lk-gateway 192.168.1.47:7000 register finished
2021-06-01 23:27:18.948 - [ INFO  ] [ com.lucky.kali.gateway.GateWayApplication : 61 ] - Started GateWayApplication in 2.484 seconds (JVM running for 3.303)
2021-06-01 23:28:40.259 - [ INFO  ] [ org.hibernate.validator.internal.util.Version : 21 ] - HV000001: Hibernate Validator 6.2.0.Final
2021-06-01 23:28:40.279 - [ INFO  ] [ com.lucky.kali.gateway.GateWayApplication : 55 ] - Starting GateWayApplication using Java 1.8.0_281 on ElliotsMacBook-Pro.local with PID 67921 (/Volumes/Application/Java/IDEA-WorkSpace/demo/SpringCloudFormework/lk-gateway/target/classes started by elliot in /Volumes/Application/Java/IDEA-WorkSpace/demo/SpringCloudFormework)
2021-06-01 23:28:40.280 - [ DEBUG ] [ com.lucky.kali.gateway.GateWayApplication : 56 ] - Running with Spring Boot v2.5.0, Spring v5.3.7
2021-06-01 23:28:40.280 - [ INFO  ] [ com.lucky.kali.gateway.GateWayApplication : 667 ] - The following profiles are active: local
2021-06-01 23:28:41.923 - [ INFO  ] [ c.a.cloud.nacos.registry.NacosServiceRegistry : 75 ] - nacos registry, DEFAULT_GROUP lk-gateway 192.168.1.47:7000 register finished
2021-06-01 23:28:41.937 - [ INFO  ] [ com.lucky.kali.gateway.GateWayApplication : 61 ] - Started GateWayApplication in 2.29 seconds (JVM running for 3.02)
2021-06-01 23:38:35.802 - [ INFO  ] [ org.hibernate.validator.internal.util.Version : 21 ] - HV000001: Hibernate Validator 6.2.0.Final
2021-06-01 23:38:35.825 - [ INFO  ] [ com.lucky.kali.gateway.GateWayApplication : 55 ] - Starting GateWayApplication using Java 1.8.0_281 on ElliotsMacBook-Pro.local with PID 72919 (/Volumes/Application/Java/IDEA-WorkSpace/demo/SpringCloudFormework/lk-gateway/target/classes started by elliot in /Volumes/Application/Java/IDEA-WorkSpace/demo/SpringCloudFormework)
2021-06-01 23:38:35.826 - [ DEBUG ] [ com.lucky.kali.gateway.GateWayApplication : 56 ] - Running with Spring Boot v2.5.0, Spring v5.3.7
2021-06-01 23:38:35.826 - [ INFO  ] [ com.lucky.kali.gateway.GateWayApplication : 667 ] - The following profiles are active: local
2021-06-01 23:38:37.614 - [ INFO  ] [ c.a.cloud.nacos.registry.NacosServiceRegistry : 75 ] - nacos registry, DEFAULT_GROUP lk-gateway 192.168.1.47:7000 register finished
2021-06-01 23:38:37.627 - [ INFO  ] [ com.lucky.kali.gateway.GateWayApplication : 61 ] - Started GateWayApplication in 2.36 seconds (JVM running for 2.915)
